#
# A fatal error has been detected by the Java Runtime Environment:
#
#  SIGSEGV (0xb) at pc=0x16a3daae, pid=16083, tid=16107
#
# JRE version: OpenJDK Runtime Environment (11.0.11+9) (build 11.0.11+9-post-Debian-1deb10u1)
# Java VM: OpenJDK Server VM (11.0.11+9-post-Debian-1deb10u1, mixed mode, g1 gc, linux-)
# Problematic frame:
# C  0x16a3daae
#
# Core dump will be written. Default location: core.16083 (may not exist)
#
# If you would like to submit a bug report, please visit:
#   https://bugs.debian.org/openjdk-11
# The crash happened outside the Java Virtual Machine in native code.
# See problematic frame for where to report the bug.
#

---------------  S U M M A R Y ------------

Command Line: -Dhttps.protocols=TLSv1,TLSv1.1,TLSv1.2 -Djavafx.embed.singleThread=true -Dawt.useSystemAAFontSettings=on bluej.Boot -javafxpath=/usr/share/openjfx

Host: rev 1 (v7l), 4 cores, 1G, Debian GNU/Linux 10 (buster)
Time: Sat Jun 12 00:07:24 2021 PST elapsed time: 326.113074 seconds (0d 0h 5m 26s)

---------------  T H R E A D  ---------------

Current thread (0x0f149400):  JavaThread "JavaFX Application Thread" [_thread_in_native, id=16107, stack(0x87026000,0x87076000)]

Stack: [0x87026000,0x87076000],  sp=0x87074978,  free space=314k
Native frames: (J=compiled Java code, A=aot compiled Java code, j=interpreted, Vv=VM code, C=native code)
C  0x16a3daae

Java frames: (J=compiled Java code, j=interpreted, Vv=VM code)
j  com.sun.glass.ui.gtk.GtkApplication._runLoop(Ljava/lang/Runnable;Z)V+0
j  com.sun.glass.ui.gtk.GtkApplication.lambda$runLoop$11(Ljava/lang/Runnable;Z)V+7
j  com.sun.glass.ui.gtk.GtkApplication$$Lambda$60.run()V+12
j  java.lang.Thread.run()V+11 java.base@11.0.11
v  ~StubRoutines::call_stub

siginfo: si_signo: 11 (SIGSEGV), si_code: 1 (SEGV_MAPERR), si_addr: 0x16a3daae

Register to memory mapping:

  r0  = 0x00000001
0x00000001 is an unknown value

  r1  = 0x00000000
0x0 is NULL

  r2  = 0x16a3daaf
0x16a3daaf is an unknown value

  r3  = 0x16a3daaf
0x16a3daaf is an unknown value

  r4  = 0x7d8fdf18
0x7d8fdf18 is pointing into metadata

  r5  = 0xb3419148
0xb3419148: <offset 0x000f9148> in /lib/arm-linux-gnueabihf/libc.so.6 at 0xb3320000

  r6  = 0x8eeae318
0x8eeae318 points into unknown readable memory: 0x88366bc0 | c0 6b 36 88

  r7  = 0x00000000
0x0 is NULL

  r8  = 0x000005f1
0x000005f1 is an unknown value

  r9  = 0x00000000
0x0 is NULL

  r10 = 0xb3419140
0xb3419140: <offset 0x000f9140> in /lib/arm-linux-gnueabihf/libc.so.6 at 0xb3320000

  fp  = 0xb3416000
0xb3416000: <offset 0x000f6000> in /lib/arm-linux-gnueabihf/libc.so.6 at 0xb3320000

  r12 = 0x8e08d3d0
0x8e08d3d0: <offset 0x008323d0> in /usr/lib/arm-linux-gnueabihf/dri/swrast_dri.so at 0x8d85b000

  sp  = 0x87074978
0x87074978 is pointing into the stack for thread: 0x0f149400

  lr  = 0xb3346a83
0xb3346a83: <offset 0x00026a83> in /lib/arm-linux-gnueabihf/libc.so.6 at 0xb3320000

  pc  = 0x16a3daae
0x16a3daae is an unknown value



Registers:
  r0  = 0x00000001
  r1  = 0x00000000
  r2  = 0x16a3daaf
  r3  = 0x16a3daaf
  r4  = 0x7d8fdf18
  r5  = 0xb3419148
  r6  = 0x8eeae318
  r7  = 0x00000000
  r8  = 0x000005f1
  r9  = 0x00000000
  r10 = 0xb3419140
  fp  = 0xb3416000
  r12 = 0x8e08d3d0
  sp  = 0x87074978
  lr  = 0xb3346a83
  pc  = 0x16a3daae
  cpsr = 0x20080030

Top of Stack: (sp=0x87074978)
0x87074978:   b3419140 00000001 b341650c 00000001
0x87074988:   00000001 0f110d58 884896ed b3346b5b
0x87074998:   0000000b 8e539209 0f0fa228 8e5377bf
0x870749a8:   0f0fdcc0 8e52e695 0f10d0a0 00000001
0x870749b8:   0f110d58 8848971d 00000000 7fffffff
0x870749c8:   0f110da0 877325e3 00000000 1f028968
0x870749d8:   0f110d58 0f110da0 00000001 0f10c440
0x870749e8:   0f110d58 5cfd3f00 00000004 0f110da0 

Instructions: (pc=0x16a3daae)
0x16a3d9ac:   ???????? ???????? ???????? ????????
0x16a3d9bc:   ???????? ???????? ???????? ????????
0x16a3d9cc:   ???????? ???????? ???????? ????????
0x16a3d9dc:   ???????? ???????? ???????? ????????
0x16a3d9ec:   ???????? ???????? ???????? ????????
0x16a3d9fc:   ???????? ???????? ???????? ????????
0x16a3da0c:   ???????? ???????? ???????? ????????
0x16a3da1c:   ???????? ???????? ???????? ????????
0x16a3da2c:   ???????? ???????? ???????? ????????
0x16a3da3c:   ???????? ???????? ???????? ????????
0x16a3da4c:   ???????? ???????? ???????? ????????
0x16a3da5c:   ???????? ???????? ???????? ????????
0x16a3da6c:   ???????? ???????? ???????? ????????
0x16a3da7c:   ???????? ???????? ???????? ????????
0x16a3da8c:   ???????? ???????? ???????? ????????
0x16a3da9c:   ???????? ???????? ???????? ????????
0x16a3daac:   ???????? ???????? ???????? ????????
0x16a3dabc:   ???????? 